2025-08-10 17:00:09,383 - INFO - seeder - Starting data seeding
2025-08-10 17:00:09,384 - INFO - seeder - Created 4 grades
2025-08-10 17:00:09,386 - INFO - seeder - Created 5 statuses
2025-08-10 17:00:09,387 - INFO - seeder - Created 5 branches
2025-08-10 17:00:09,388 - INFO - seeder - Created 5 agreements
2025-08-10 17:00:09,389 - INFO - seeder - Created 5 directions
2025-08-10 17:00:09,390 - INFO - seeder - Created 5 designations
2025-08-10 17:00:09,403 - ERROR - seeder - Failed to create employees: NOT NULL constraint failed: employee_employee.marital_status
Traceback (most recent call last):
  File "/Users/tabaro/GitHub/payday-saas/payday/.venv/lib/python3.13/site-packages/django/db/backends/utils.py", line 105, in _execute
    return self.cursor.execute(sql, params)
           ~~~~~~~~~~~~~~~~~~~^^^^^^^^^^^^^
  File "/Users/tabaro/GitHub/payday-saas/payday/.venv/lib/python3.13/site-packages/django/db/backends/sqlite3/base.py", line 354, in execute
    return super().execute(query, params)
           ~~~~~~~~~~~~~~~^^^^^^^^^^^^^^^
sqlite3.IntegrityError: NOT NULL constraint failed: employee_employee.marital_status

The above exception was the direct cause of the following exception:

Traceback (most recent call last):
  File "/Users/tabaro/GitHub/payday-saas/payday/core/management/commands/seed.py", line 95, in get_or_create_objects
    model.objects.bulk_create(instances, batch_size=CONFIG.BATCH_SIZE)
    ~~~~~~~~~~~~~~~~~~~~~~~~~^^^^^^^^^^^^^^^^^^^^^^^^^^^^^^^^^^^^^^^^^
  File "/Users/tabaro/GitHub/payday-saas/payday/.venv/lib/python3.13/site-packages/django/db/models/manager.py", line 87, in manager_method
    return getattr(self.get_queryset(), name)(*args, **kwargs)
           ~~~~~~~~~~~~~~~~~~~~~~~~~~~~~~~~~~^^^^^^^^^^^^^^^^^
  File "/Users/tabaro/GitHub/payday-saas/payday/.venv/lib/python3.13/site-packages/django/db/models/query.py", line 835, in bulk_create
    returned_columns = self._batched_insert(
        objs_without_pk,
    ...<4 lines>...
        unique_fields=unique_fields,
    )
  File "/Users/tabaro/GitHub/payday-saas/payday/.venv/lib/python3.13/site-packages/django/db/models/query.py", line 1875, in _batched_insert
    self._insert(
    ~~~~~~~~~~~~^
        item,
        ^^^^^
    ...<5 lines>...
        returning_fields=self.model._meta.db_returning_fields,
        ^^^^^^^^^^^^^^^^^^^^^^^^^^^^^^^^^^^^^^^^^^^^^^^^^^^^^^
    )
    ^
  File "/Users/tabaro/GitHub/payday-saas/payday/.venv/lib/python3.13/site-packages/django/db/models/query.py", line 1847, in _insert
    return query.get_compiler(using=using).execute_sql(returning_fields)
           ~~~~~~~~~~~~~~~~~~~~~~~~~~~~~~~~~~~~~~~~~~~^^^^^^^^^^^^^^^^^^
  File "/Users/tabaro/GitHub/payday-saas/payday/.venv/lib/python3.13/site-packages/django/db/models/sql/compiler.py", line 1836, in execute_sql
    cursor.execute(sql, params)
    ~~~~~~~~~~~~~~^^^^^^^^^^^^^
  File "/Users/tabaro/GitHub/payday-saas/payday/.venv/lib/python3.13/site-packages/django/db/backends/utils.py", line 122, in execute
    return super().execute(sql, params)
           ~~~~~~~~~~~~~~~^^^^^^^^^^^^^
  File "/Users/tabaro/GitHub/payday-saas/payday/.venv/lib/python3.13/site-packages/django/db/backends/utils.py", line 79, in execute
    return self._execute_with_wrappers(
           ~~~~~~~~~~~~~~~~~~~~~~~~~~~^
        sql, params, many=False, executor=self._execute
        ^^^^^^^^^^^^^^^^^^^^^^^^^^^^^^^^^^^^^^^^^^^^^^^
    )
    ^
  File "/Users/tabaro/GitHub/payday-saas/payday/.venv/lib/python3.13/site-packages/django/db/backends/utils.py", line 92, in _execute_with_wrappers
    return executor(sql, params, many, context)
  File "/Users/tabaro/GitHub/payday-saas/payday/.venv/lib/python3.13/site-packages/django/db/backends/utils.py", line 100, in _execute
    with self.db.wrap_database_errors:
         ^^^^^^^^^^^^^^^^^^^^^^^^^^^^
  File "/Users/tabaro/GitHub/payday-saas/payday/.venv/lib/python3.13/site-packages/django/db/utils.py", line 91, in __exit__
    raise dj_exc_value.with_traceback(traceback) from exc_value
  File "/Users/tabaro/GitHub/payday-saas/payday/.venv/lib/python3.13/site-packages/django/db/backends/utils.py", line 105, in _execute
    return self.cursor.execute(sql, params)
           ~~~~~~~~~~~~~~~~~~~^^^^^^^^^^^^^
  File "/Users/tabaro/GitHub/payday-saas/payday/.venv/lib/python3.13/site-packages/django/db/backends/sqlite3/base.py", line 354, in execute
    return super().execute(query, params)
           ~~~~~~~~~~~~~~~^^^^^^^^^^^^^^^
django.db.utils.IntegrityError: NOT NULL constraint failed: employee_employee.marital_status
2025-08-10 17:00:09,407 - ERROR - seeder - Seeding failed: NOT NULL constraint failed: employee_employee.marital_status
Traceback (most recent call last):
  File "/Users/tabaro/GitHub/payday-saas/payday/.venv/lib/python3.13/site-packages/django/db/backends/utils.py", line 105, in _execute
    return self.cursor.execute(sql, params)
           ~~~~~~~~~~~~~~~~~~~^^^^^^^^^^^^^
  File "/Users/tabaro/GitHub/payday-saas/payday/.venv/lib/python3.13/site-packages/django/db/backends/sqlite3/base.py", line 354, in execute
    return super().execute(query, params)
           ~~~~~~~~~~~~~~~^^^^^^^^^^^^^^^
sqlite3.IntegrityError: NOT NULL constraint failed: employee_employee.marital_status

The above exception was the direct cause of the following exception:

Traceback (most recent call last):
  File "/Users/tabaro/GitHub/payday-saas/payday/core/management/commands/seed.py", line 71, in handle
    employees = self.get_or_create_employee(grades, statuses, branches, agreements, directions, designations)
  File "/Users/tabaro/GitHub/payday-saas/payday/core/management/commands/seed.py", line 247, in get_or_create_employee
    return self.get_or_create_objects('employee', 'Employee', instances, 'employees')
           ~~~~~~~~~~~~~~~~~~~~~~~~~~^^^^^^^^^^^^^^^^^^^^^^^^^^^^^^^^^^^^^^^^^^^^^^^^
  File "/Users/tabaro/GitHub/payday-saas/payday/core/management/commands/seed.py", line 95, in get_or_create_objects
    model.objects.bulk_create(instances, batch_size=CONFIG.BATCH_SIZE)
    ~~~~~~~~~~~~~~~~~~~~~~~~~^^^^^^^^^^^^^^^^^^^^^^^^^^^^^^^^^^^^^^^^^
  File "/Users/tabaro/GitHub/payday-saas/payday/.venv/lib/python3.13/site-packages/django/db/models/manager.py", line 87, in manager_method
    return getattr(self.get_queryset(), name)(*args, **kwargs)
           ~~~~~~~~~~~~~~~~~~~~~~~~~~~~~~~~~~^^^^^^^^^^^^^^^^^
  File "/Users/tabaro/GitHub/payday-saas/payday/.venv/lib/python3.13/site-packages/django/db/models/query.py", line 835, in bulk_create
    returned_columns = self._batched_insert(
        objs_without_pk,
    ...<4 lines>...
        unique_fields=unique_fields,
    )
  File "/Users/tabaro/GitHub/payday-saas/payday/.venv/lib/python3.13/site-packages/django/db/models/query.py", line 1875, in _batched_insert
    self._insert(
    ~~~~~~~~~~~~^
        item,
        ^^^^^
    ...<5 lines>...
        returning_fields=self.model._meta.db_returning_fields,
        ^^^^^^^^^^^^^^^^^^^^^^^^^^^^^^^^^^^^^^^^^^^^^^^^^^^^^^
    )
    ^
  File "/Users/tabaro/GitHub/payday-saas/payday/.venv/lib/python3.13/site-packages/django/db/models/query.py", line 1847, in _insert
    return query.get_compiler(using=using).execute_sql(returning_fields)
           ~~~~~~~~~~~~~~~~~~~~~~~~~~~~~~~~~~~~~~~~~~~^^^^^^^^^^^^^^^^^^
  File "/Users/tabaro/GitHub/payday-saas/payday/.venv/lib/python3.13/site-packages/django/db/models/sql/compiler.py", line 1836, in execute_sql
    cursor.execute(sql, params)
    ~~~~~~~~~~~~~~^^^^^^^^^^^^^
  File "/Users/tabaro/GitHub/payday-saas/payday/.venv/lib/python3.13/site-packages/django/db/backends/utils.py", line 122, in execute
    return super().execute(sql, params)
           ~~~~~~~~~~~~~~~^^^^^^^^^^^^^
  File "/Users/tabaro/GitHub/payday-saas/payday/.venv/lib/python3.13/site-packages/django/db/backends/utils.py", line 79, in execute
    return self._execute_with_wrappers(
           ~~~~~~~~~~~~~~~~~~~~~~~~~~~^
        sql, params, many=False, executor=self._execute
        ^^^^^^^^^^^^^^^^^^^^^^^^^^^^^^^^^^^^^^^^^^^^^^^
    )
    ^
  File "/Users/tabaro/GitHub/payday-saas/payday/.venv/lib/python3.13/site-packages/django/db/backends/utils.py", line 92, in _execute_with_wrappers
    return executor(sql, params, many, context)
  File "/Users/tabaro/GitHub/payday-saas/payday/.venv/lib/python3.13/site-packages/django/db/backends/utils.py", line 100, in _execute
    with self.db.wrap_database_errors:
         ^^^^^^^^^^^^^^^^^^^^^^^^^^^^
  File "/Users/tabaro/GitHub/payday-saas/payday/.venv/lib/python3.13/site-packages/django/db/utils.py", line 91, in __exit__
    raise dj_exc_value.with_traceback(traceback) from exc_value
  File "/Users/tabaro/GitHub/payday-saas/payday/.venv/lib/python3.13/site-packages/django/db/backends/utils.py", line 105, in _execute
    return self.cursor.execute(sql, params)
           ~~~~~~~~~~~~~~~~~~~^^^^^^^^^^^^^
  File "/Users/tabaro/GitHub/payday-saas/payday/.venv/lib/python3.13/site-packages/django/db/backends/sqlite3/base.py", line 354, in execute
    return super().execute(query, params)
           ~~~~~~~~~~~~~~~^^^^^^^^^^^^^^^
django.db.utils.IntegrityError: NOT NULL constraint failed: employee_employee.marital_status
2025-08-10 17:02:31,802 - INFO - seeder - Starting data seeding
2025-08-10 17:02:31,802 - INFO - seeder - Returning existing grades
2025-08-10 17:02:31,802 - INFO - seeder - Returning existing statuses
2025-08-10 17:02:31,803 - INFO - seeder - Returning existing branches
2025-08-10 17:02:31,803 - INFO - seeder - Returning existing agreements
2025-08-10 17:02:31,803 - INFO - seeder - Returning existing directions
2025-08-10 17:02:31,804 - INFO - seeder - Returning existing designations
2025-08-10 17:02:31,804 - ERROR - seeder - Seeding failed: module 'random' has no attribute 'choie'
Traceback (most recent call last):
  File "/Users/tabaro/GitHub/payday-saas/payday/core/management/commands/seed.py", line 71, in handle
    employees = self.get_or_create_employee(grades, statuses, branches, agreements, directions, designations)
  File "/Users/tabaro/GitHub/payday-saas/payday/core/management/commands/seed.py", line 237, in get_or_create_employee
    marital_status=random.choie([
                   ^^^^^^^^^^^^
AttributeError: module 'random' has no attribute 'choie'. Did you mean: 'choice'?
2025-08-10 17:03:20,836 - INFO - seeder - Starting data seeding
2025-08-10 17:03:20,836 - INFO - seeder - Returning existing grades
2025-08-10 17:03:20,836 - INFO - seeder - Returning existing statuses
2025-08-10 17:03:20,837 - INFO - seeder - Returning existing branches
2025-08-10 17:03:20,837 - INFO - seeder - Returning existing agreements
2025-08-10 17:03:20,837 - INFO - seeder - Returning existing directions
2025-08-10 17:03:20,838 - INFO - seeder - Returning existing designations
2025-08-10 17:03:20,856 - INFO - seeder - Created 50 employees
2025-08-10 17:03:20,859 - INFO - seeder - Created 3 leave types
2025-08-10 17:03:20,860 - INFO - seeder - Created 4 legal items
2025-08-10 17:03:20,861 - INFO - seeder - Created 5 payslip elements
2025-08-10 17:03:20,861 - INFO - seeder - Seeding completed
